[19:07:19] [Datafixer Bootstrap/INFO]: 180 Datafixer optimizations took 872 milliseconds
[19:07:22] [Render thread/INFO]: Environment: authHost='https://authserver.mojang.com', accountsHost='https://api.mojang.com', sessionHost='https://sessionserver.mojang.com', servicesHost='https://api.minecraftservices.com', name='PROD'
[19:07:23] [Render thread/ERROR]: Failed to verify authentication
com.mojang.authlib.exceptions.InvalidCredentialsException: Status: 401
	at com.mojang.authlib.exceptions.MinecraftClientHttpException.toAuthenticationException(MinecraftClientHttpException.java:56) ~[authlib-3.18.38.jar:?]
	at com.mojang.authlib.yggdrasil.YggdrasilUserApiService.fetchProperties(YggdrasilUserApiService.java:156) ~[authlib-3.18.38.jar:?]
	at com.mojang.authlib.yggdrasil.YggdrasilUserApiService.<init>(YggdrasilUserApiService.java:55) ~[authlib-3.18.38.jar:?]
	at com.mojang.authlib.yggdrasil.YggdrasilAuthenticationService.createUserApiService(YggdrasilAuthenticationService.java:161) ~[authlib-3.18.38.jar:?]
	at emh.a(SourceFile:732) ~[1.19.4.jar:?]
	at emh.<init>(SourceFile:440) ~[1.19.4.jar:?]
	at net.minecraft.client.main.Main.main(SourceFile:198) ~[1.19.4.jar:?]
Caused by: com.mojang.authlib.exceptions.MinecraftClientHttpException: Status: 401
	at com.mojang.authlib.minecraft.client.MinecraftClient.readInputStream(MinecraftClient.java:85) ~[authlib-3.18.38.jar:?]
	at com.mojang.authlib.minecraft.client.MinecraftClient.get(MinecraftClient.java:48) ~[authlib-3.18.38.jar:?]
	at com.mojang.authlib.yggdrasil.YggdrasilUserApiService.fetchProperties(YggdrasilUserApiService.java:129) ~[authlib-3.18.38.jar:?]
	... 5 more
[19:07:24] [Render thread/INFO]: Setting user: Player
[19:07:24] [Render thread/INFO]: Backend library: LWJGL version 3.3.1 build 7
[19:07:27] [Worker-Main-2/ERROR]: Failed to retrieve profile key pair
java.io.IOException: Could not retrieve profile key pair
	at fdf.a(SourceFile:139) ~[1.19.4.jar:?]
	at fdf.b(SourceFile:79) ~[1.19.4.jar:?]
	at java.util.concurrent.CompletableFuture$AsyncSupply.run(CompletableFuture.java:1768) ~[?:?]
	at java.util.concurrent.CompletableFuture$AsyncSupply.exec(CompletableFuture.java:1760) ~[?:?]
	at java.util.concurrent.ForkJoinTask.doExec(ForkJoinTask.java:373) ~[?:?]
	at java.util.concurrent.ForkJoinPool$WorkQueue.topLevelExec(ForkJoinPool.java:1182) ~[?:?]
	at java.util.concurrent.ForkJoinPool.scan(ForkJoinPool.java:1655) ~[?:?]
	at java.util.concurrent.ForkJoinPool.runWorker(ForkJoinPool.java:1622) ~[?:?]
	at java.util.concurrent.ForkJoinWorkerThread.run(ForkJoinWorkerThread.java:165) ~[?:?]
[19:07:27] [Render thread/INFO]: Reloading ResourceManager: vanilla
[19:07:29] [Realms Notification Availability checker #1/INFO]: Could not authorize you against Realms server: Invalid session id
[19:07:34] [Render thread/WARN]: Missing sound for event: minecraft:item.brush.brushing
[19:07:34] [Render thread/WARN]: Missing sound for event: minecraft:item.brush.brush_sand_completed
[19:07:34] [Render thread/WARN]: Missing sound for event: minecraft:item.goat_horn.play
[19:07:34] [Render thread/WARN]: Missing sound for event: minecraft:entity.goat.screaming.horn_break
[19:07:34] [Render thread/WARN]: Missing sound for event: minecraft:music.overworld.cherry_grove
[19:07:34] [Render thread/INFO]: OpenAL initialized on device OpenAL Soft on Headphones (Airdopes 141)
[19:07:34] [Render thread/INFO]: Sound engine started
[19:07:34] [Render thread/INFO]: Created: 1024x512x4 minecraft:textures/atlas/blocks.png-atlas
[19:07:34] [Render thread/INFO]: Created: 256x256x4 minecraft:textures/atlas/signs.png-atlas
[19:07:34] [Render thread/INFO]: Created: 512x512x4 minecraft:textures/atlas/banner_patterns.png-atlas
[19:07:34] [Render thread/INFO]: Created: 512x512x4 minecraft:textures/atlas/shield_patterns.png-atlas
[19:07:34] [Render thread/INFO]: Created: 1024x1024x4 minecraft:textures/atlas/armor_trims.png-atlas
[19:07:34] [Render thread/INFO]: Created: 256x256x4 minecraft:textures/atlas/chest.png-atlas
[19:07:34] [Render thread/INFO]: Created: 64x64x4 minecraft:textures/atlas/decorated_pot.png-atlas
[19:07:34] [Render thread/INFO]: Created: 512x256x4 minecraft:textures/atlas/beds.png-atlas
[19:07:34] [Render thread/INFO]: Created: 512x256x4 minecraft:textures/atlas/shulker_boxes.png-atlas
[19:07:35] [Render thread/WARN]: Shader rendertype_entity_translucent_emissive could not find sampler named Sampler2 in the specified shader program.
[19:07:35] [Render thread/INFO]: Created: 256x256x0 minecraft:textures/atlas/particles.png-atlas
[19:07:35] [Render thread/INFO]: Created: 256x256x0 minecraft:textures/atlas/paintings.png-atlas
[19:07:35] [Render thread/INFO]: Created: 128x128x0 minecraft:textures/atlas/mob_effects.png-atlas
[19:08:02] [Render thread/INFO]: Loaded 7 recipes
[19:08:02] [Render thread/INFO]: Loaded 1179 advancements
[19:08:03] [Server thread/INFO]: Starting integrated minecraft server version 1.19.4
[19:08:03] [Server thread/INFO]: Generating keypair
[19:08:05] [Server thread/INFO]: Preparing start region for dimension minecraft:overworld
[19:08:12] [Render thread/INFO]: Preparing spawn area: 0%
[19:08:12] [Render thread/INFO]: Preparing spawn area: 0%
[19:08:12] [Render thread/INFO]: Preparing spawn area: 0%
[19:08:12] [Render thread/INFO]: Preparing spawn area: 0%
[19:08:12] [Render thread/INFO]: Preparing spawn area: 0%
[19:08:12] [Render thread/INFO]: Preparing spawn area: 0%
[19:08:12] [Render thread/INFO]: Preparing spawn area: 0%
[19:08:12] [Render thread/INFO]: Preparing spawn area: 0%
[19:08:12] [Render thread/INFO]: Preparing spawn area: 0%
[19:08:12] [Render thread/INFO]: Preparing spawn area: 0%
[19:08:12] [Render thread/INFO]: Preparing spawn area: 0%
[19:08:12] [Render thread/INFO]: Preparing spawn area: 0%
[19:08:12] [Render thread/INFO]: Preparing spawn area: 0%
[19:08:12] [Render thread/INFO]: Preparing spawn area: 0%
[19:08:12] [Render thread/INFO]: Preparing spawn area: 0%
[19:08:13] [Render thread/INFO]: Preparing spawn area: 0%
[19:08:14] [Render thread/INFO]: Preparing spawn area: 0%
[19:08:14] [Render thread/INFO]: Preparing spawn area: 0%
[19:08:15] [Render thread/INFO]: Preparing spawn area: 0%
[19:08:15] [Render thread/INFO]: Preparing spawn area: 0%
[19:08:16] [Render thread/INFO]: Preparing spawn area: 0%
[19:08:16] [Render thread/INFO]: Preparing spawn area: 7%
[19:08:17] [Render thread/INFO]: Preparing spawn area: 22%
[19:08:17] [Render thread/INFO]: Preparing spawn area: 48%
[19:08:17] [Render thread/INFO]: Preparing spawn area: 83%
[19:08:18] [Render thread/INFO]: Time elapsed: 12514 ms
[19:08:19] [Server thread/INFO]: Changing view distance to 12, from 10
[19:08:19] [Server thread/INFO]: Changing simulation distance to 12, from 0
[19:08:20] [Server thread/INFO]: Player[local:E:e6df2bd5] logged in with entity id 285 at (-25.22161761368949, 57.0, -39.235115845917214)
[19:08:21] [Server thread/INFO]: Player joined the game
[19:08:21] [Server thread/WARN]: Can't keep up! Is the server overloaded? Running 2469ms or 49 ticks behind
[19:08:22] [Render thread/INFO]: Loaded 3 advancements
[19:08:23] [Server thread/INFO]: Saving and pausing game...
[19:08:23] [Server thread/INFO]: Saving chunks for level 'ServerLevel[Demo World]'/minecraft:overworld
[19:08:32] [Server thread/INFO]: Saving chunks for level 'ServerLevel[Demo World]'/minecraft:the_nether
[19:08:32] [Server thread/INFO]: Saving chunks for level 'ServerLevel[Demo World]'/minecraft:the_end
[19:08:36] [Server thread/INFO]: Saving and pausing game...
[19:08:36] [Server thread/INFO]: Saving chunks for level 'ServerLevel[Demo World]'/minecraft:overworld
[19:08:36] [Server thread/INFO]: Saving chunks for level 'ServerLevel[Demo World]'/minecraft:the_nether
[19:08:36] [Server thread/INFO]: Saving chunks for level 'ServerLevel[Demo World]'/minecraft:the_end
[19:08:42] [Render thread/INFO]: Loaded 10 advancements
[19:08:47] [Server thread/WARN]: Can't keep up! Is the server overloaded? Running 2099ms or 41 ticks behind
[19:08:58] [Server thread/INFO]: Saving and pausing game...
[19:08:58] [Server thread/INFO]: Saving chunks for level 'ServerLevel[Demo World]'/minecraft:overworld
[19:09:00] [Server thread/INFO]: Saving chunks for level 'ServerLevel[Demo World]'/minecraft:the_nether
[19:09:00] [Server thread/INFO]: Saving chunks for level 'ServerLevel[Demo World]'/minecraft:the_end
[19:09:24] [Render thread/INFO]: Loaded 13 advancements
[19:09:54] [Render thread/INFO]: Loaded 16 advancements
[19:10:04] [Render thread/INFO]: Loaded 27 advancements
[19:10:11] [Render thread/INFO]: Loaded 34 advancements
[19:10:25] [Render thread/WARN]: Unable to play empty soundEvent: minecraft:entity.salmon.ambient
[19:10:55] [Render thread/WARN]: Unable to play empty soundEvent: minecraft:entity.cod.ambient
[19:12:43] [Server thread/INFO]: Player tried to swim in lava
[19:12:43] [Render thread/INFO]: [System] [CHAT] Player tried to swim in lava
[19:12:46] [Server thread/INFO]: Saving and pausing game...
[19:12:46] [Server thread/INFO]: Saving chunks for level 'ServerLevel[Demo World]'/minecraft:overworld
[19:12:46] [Server thread/INFO]: Saving chunks for level 'ServerLevel[Demo World]'/minecraft:the_nether
[19:12:46] [Server thread/INFO]: Saving chunks for level 'ServerLevel[Demo World]'/minecraft:the_end
[19:13:08] [Server thread/INFO]: Saving and pausing game...
[19:13:08] [Server thread/INFO]: Saving chunks for level 'ServerLevel[Demo World]'/minecraft:overworld
[19:13:08] [Server thread/INFO]: Saving chunks for level 'ServerLevel[Demo World]'/minecraft:the_nether
[19:13:08] [Server thread/INFO]: Saving chunks for level 'ServerLevel[Demo World]'/minecraft:the_end
[19:19:02] [Server thread/INFO]: Player lost connection: Disconnected
[19:19:02] [Server thread/INFO]: Player left the game
[19:19:02] [Server thread/INFO]: Stopping singleplayer server as player logged out
[19:19:02] [Server thread/INFO]: Stopping server
[19:19:02] [Server thread/INFO]: Saving players
[19:19:02] [Server thread/INFO]: Saving worlds
[19:19:05] [Server thread/INFO]: Saving chunks for level 'ServerLevel[Demo World]'/minecraft:overworld
[19:19:05] [Server thread/INFO]: Saving chunks for level 'ServerLevel[Demo World]'/minecraft:the_nether
[19:19:05] [Server thread/INFO]: Saving chunks for level 'ServerLevel[Demo World]'/minecraft:the_end
[19:19:05] [Server thread/INFO]: ThreadedAnvilChunkStorage (Demo_World): All chunks are saved
[19:19:05] [Server thread/INFO]: ThreadedAnvilChunkStorage (DIM-1): All chunks are saved
[19:19:05] [Server thread/INFO]: ThreadedAnvilChunkStorage (DIM1): All chunks are saved
[19:19:05] [Server thread/INFO]: ThreadedAnvilChunkStorage: All dimensions are saved
[19:19:59] [Render thread/INFO]: Loaded 7 recipes
[19:19:59] [Render thread/INFO]: Loaded 1179 advancements
[19:20:00] [Server thread/INFO]: Starting integrated minecraft server version 1.19.4
[19:20:00] [Server thread/INFO]: Generating keypair
[19:20:02] [Server thread/INFO]: Preparing start region for dimension minecraft:overworld
[19:20:04] [Render thread/INFO]: Preparing spawn area: 0%
[19:20:04] [Render thread/INFO]: Preparing spawn area: 0%
[19:20:04] [Render thread/INFO]: Preparing spawn area: 0%
[19:20:04] [Render thread/INFO]: Preparing spawn area: 0%
[19:20:04] [Render thread/INFO]: Preparing spawn area: 0%
[19:20:04] [Render thread/INFO]: Preparing spawn area: 0%
[19:20:05] [Render thread/INFO]: Preparing spawn area: 0%
[19:20:05] [Render thread/INFO]: Preparing spawn area: 0%
[19:20:06] [Render thread/INFO]: Preparing spawn area: 0%
[19:20:06] [Render thread/INFO]: Preparing spawn area: 1%
[19:20:07] [Render thread/INFO]: Preparing spawn area: 3%
[19:20:07] [Render thread/INFO]: Preparing spawn area: 30%
[19:20:08] [Render thread/INFO]: Preparing spawn area: 68%
[19:20:08] [Render thread/INFO]: Time elapsed: 6406 ms
[19:20:08] [Server thread/INFO]: Changing view distance to 12, from 10
[19:20:08] [Server thread/INFO]: Changing simulation distance to 12, from 0
[19:20:08] [Server thread/INFO]: Player[local:E:52b9bcf3] logged in with entity id 3479 at (-16.697415516710763, 64.0, 37.92124513997951)
[19:20:08] [Server thread/INFO]: Player joined the game
[19:20:09] [Render thread/INFO]: Loaded 34 advancements
[19:20:09] [Server thread/INFO]: Saving and pausing game...
[19:20:09] [Server thread/INFO]: Saving chunks for level 'ServerLevel[Demo World]'/minecraft:overworld
[19:20:10] [Server thread/INFO]: Saving chunks for level 'ServerLevel[Demo World]'/minecraft:the_nether
[19:20:10] [Server thread/INFO]: Saving chunks for level 'ServerLevel[Demo World]'/minecraft:the_end
[19:20:20] [Server thread/INFO]: Saving and pausing game...
[19:20:20] [Server thread/INFO]: Saving chunks for level 'ServerLevel[Demo World]'/minecraft:overworld
[19:20:20] [Server thread/INFO]: Saving chunks for level 'ServerLevel[Demo World]'/minecraft:the_nether
[19:20:20] [Server thread/INFO]: Saving chunks for level 'ServerLevel[Demo World]'/minecraft:the_end
[19:20:50] [Server thread/INFO]: Player was slain by Wolf
[19:20:50] [Render thread/INFO]: [System] [CHAT] Player was slain by Wolf
[19:20:50] [Render thread/INFO]: Loaded 57 advancements
[19:20:53] [Server thread/INFO]: Saving and pausing game...
[19:20:53] [Server thread/INFO]: Saving chunks for level 'ServerLevel[Demo World]'/minecraft:overworld
[19:20:53] [Server thread/INFO]: Saving chunks for level 'ServerLevel[Demo World]'/minecraft:the_nether
[19:20:53] [Server thread/INFO]: Saving chunks for level 'ServerLevel[Demo World]'/minecraft:the_end
[19:21:10] [Server thread/INFO]: Saving and pausing game...
[19:21:10] [Server thread/INFO]: Saving chunks for level 'ServerLevel[Demo World]'/minecraft:overworld
[19:21:10] [Server thread/INFO]: Saving chunks for level 'ServerLevel[Demo World]'/minecraft:the_nether
[19:21:10] [Server thread/INFO]: Saving chunks for level 'ServerLevel[Demo World]'/minecraft:the_end
[19:21:31] [Render thread/INFO]: [System] [CHAT] Unknown or incomplete command, see below for error
[19:21:31] [Render thread/INFO]: [System] [CHAT] gamemode creative @v<--[HERE]
[19:21:39] [Render thread/INFO]: [System] [CHAT] Unknown or incomplete command, see below for error
[19:21:39] [Render thread/INFO]: [System] [CHAT] gamemode creative @vicky<--[HERE]
[19:26:23] [Server thread/INFO]: Player was slain by Zombie
[19:26:23] [Render thread/INFO]: [System] [CHAT] Player was slain by Zombie
[19:26:27] [Server thread/INFO]: Saving and pausing game...
[19:26:27] [Server thread/INFO]: Saving chunks for level 'ServerLevel[Demo World]'/minecraft:overworld
[19:26:27] [Server thread/INFO]: Saving chunks for level 'ServerLevel[Demo World]'/minecraft:the_nether
[19:26:27] [Server thread/INFO]: Saving chunks for level 'ServerLevel[Demo World]'/minecraft:the_end
[19:27:30] [Server thread/INFO]: Player was slain by Zombie
[19:27:30] [Render thread/INFO]: [System] [CHAT] Player was slain by Zombie
[19:27:32] [Server thread/INFO]: Saving and pausing game...
[19:27:33] [Server thread/INFO]: Saving chunks for level 'ServerLevel[Demo World]'/minecraft:overworld
[19:27:33] [Server thread/INFO]: Saving chunks for level 'ServerLevel[Demo World]'/minecraft:the_nether
[19:27:33] [Server thread/INFO]: Saving chunks for level 'ServerLevel[Demo World]'/minecraft:the_end
[19:28:01] [Server thread/INFO]: Player was slain by Enderman
[19:28:01] [Render thread/INFO]: [System] [CHAT] Player was slain by Enderman
[19:28:05] [Server thread/INFO]: Saving and pausing game...
[19:28:05] [Server thread/INFO]: Saving chunks for level 'ServerLevel[Demo World]'/minecraft:overworld
[19:28:05] [Server thread/INFO]: Saving chunks for level 'ServerLevel[Demo World]'/minecraft:the_nether
[19:28:05] [Server thread/INFO]: Saving chunks for level 'ServerLevel[Demo World]'/minecraft:the_end
[19:28:19] [Server thread/INFO]: Player was slain by Enderman
[19:28:19] [Render thread/INFO]: [System] [CHAT] Player was slain by Enderman
[19:28:22] [Server thread/INFO]: Saving and pausing game...
[19:28:22] [Server thread/INFO]: Saving chunks for level 'ServerLevel[Demo World]'/minecraft:overworld
[19:28:22] [Server thread/INFO]: Saving chunks for level 'ServerLevel[Demo World]'/minecraft:the_nether
[19:28:22] [Server thread/INFO]: Saving chunks for level 'ServerLevel[Demo World]'/minecraft:the_end
[19:30:47] [Render thread/INFO]: [System] [CHAT] This is your last day!
[19:31:27] [Server thread/INFO]: Player has made the advancement [Monster Hunter]
[19:31:27] [Render thread/INFO]: [System] [CHAT] Player has made the advancement [Monster Hunter]
[19:31:27] [Render thread/INFO]: Loaded 60 advancements
[19:31:28] [Render thread/INFO]: Loaded 61 advancements
[19:32:52] [Server thread/INFO]: Player was slain by Enderman
[19:32:52] [Render thread/INFO]: [System] [CHAT] Player was slain by Enderman
[19:32:57] [Server thread/INFO]: Saving and pausing game...
[19:32:57] [Server thread/INFO]: Saving chunks for level 'ServerLevel[Demo World]'/minecraft:overworld
[19:32:57] [Server thread/INFO]: Saving chunks for level 'ServerLevel[Demo World]'/minecraft:the_nether
[19:32:57] [Server thread/INFO]: Saving chunks for level 'ServerLevel[Demo World]'/minecraft:the_end
[19:34:10] [Render thread/INFO]: Loaded 65 advancements
[19:35:01] [Render thread/INFO]: Loaded 66 advancements
[19:35:11] [Render thread/INFO]: Loaded 67 advancements
[19:35:31] [Render thread/INFO]: Loaded 76 advancements
[19:36:41] [Server thread/INFO]: Saving and pausing game...
[19:36:41] [Server thread/INFO]: Saving chunks for level 'ServerLevel[Demo World]'/minecraft:overworld
[19:36:41] [Server thread/INFO]: Saving chunks for level 'ServerLevel[Demo World]'/minecraft:the_nether
[19:36:41] [Server thread/INFO]: Saving chunks for level 'ServerLevel[Demo World]'/minecraft:the_end
[19:36:44] [Server thread/INFO]: Player lost connection: Disconnected
[19:36:44] [Server thread/INFO]: Player left the game
[19:36:44] [Server thread/INFO]: Stopping singleplayer server as player logged out
[19:36:44] [Server thread/INFO]: Stopping server
[19:36:44] [Server thread/INFO]: Saving players
[19:36:44] [Server thread/INFO]: Saving worlds
[19:36:48] [Server thread/INFO]: Saving chunks for level 'ServerLevel[Demo World]'/minecraft:overworld
[19:36:48] [Server thread/INFO]: Saving chunks for level 'ServerLevel[Demo World]'/minecraft:the_nether
[19:36:48] [Server thread/INFO]: Saving chunks for level 'ServerLevel[Demo World]'/minecraft:the_end
[19:36:48] [Server thread/INFO]: ThreadedAnvilChunkStorage (Demo_World): All chunks are saved
[19:36:48] [Server thread/INFO]: ThreadedAnvilChunkStorage (DIM-1): All chunks are saved
[19:36:48] [Server thread/INFO]: ThreadedAnvilChunkStorage (DIM1): All chunks are saved
[19:36:48] [Server thread/INFO]: ThreadedAnvilChunkStorage: All dimensions are saved
[19:36:51] [Render thread/INFO]: Stopping!
